The target system is: Generic - 3.5.99 - arm
The host system is: Darwin - 23.1.0 - arm64
Compiling the C compiler identification source file "CMakeCCompilerId.c" succeeded.
Compiler: /opt/nordic/ncs/toolchains/580e4ef81c/opt/zephyr-sdk/arm-zephyr-eabi/bin/arm-zephyr-eabi-gcc 
Build flags: 
Id flags: -c 

The output was:
0


Compilation of the C compiler identification source "CMakeCCompilerId.c" produced "CMakeCCompilerId.o"

The C compiler identification is GNU, found in "/Users/joaovitor/Documents/vscode-study/nordic/nRF_connect_sdk_intermediate/lesson_8/8.3/build/CMakeFiles/3.21.0/CompilerIdC/CMakeCCompilerId.o"

Compiling the CXX compiler identification source file "CMakeCXXCompilerId.cpp" succeeded.
Compiler: /opt/nordic/ncs/toolchains/580e4ef81c/opt/zephyr-sdk/arm-zephyr-eabi/bin/arm-zephyr-eabi-g++ 
Build flags: 
Id flags: -c 

The output was:
0


Compilation of the CXX compiler identification source "CMakeCXXCompilerId.cpp" produced "CMakeCXXCompilerId.o"

The CXX compiler identification is GNU, found in "/Users/joaovitor/Documents/vscode-study/nordic/nRF_connect_sdk_intermediate/lesson_8/8.3/build/CMakeFiles/3.21.0/CompilerIdCXX/CMakeCXXCompilerId.o"

Checking whether the ASM compiler is GNU using "--version" matched "(GNU assembler)|(GCC)|(Free Software Foundation)":
arm-zephyr-eabi-gcc (Zephyr SDK 0.16.5) 12.2.0
Copyright (C) 2022 Free Software Foundation, Inc.
This is free software; see the source for copying conditions.  There is NO
warranty; not even for MERCHANTABILITY or FITNESS FOR A PARTICULAR PURPOSE.

Performing C SOURCE FILE Test check_fmacro_prefix_map__Users_joaovitor_Documents_vscode_study_nordic_nRF_connect_sdk_intermediate_lesson_8_8_3_CMAKE_SOURCE_DIR_C__nostartfiles__nostdlib__isystem___opt_nordic_ncs_toolchains_580e4ef81c_opt_zephyr_sdk_arm_zephyr_eabi_bin____lib_gcc_arm_zephyr_eabi_12_2_0_include___isystem___opt_nordic_ncs_toolchains_580e4ef81c_opt_zephyr_sdk_arm_zephyr_eabi_bin____lib_gcc_arm_zephyr_eabi_12_2_0_include_fixed___Wl___unresolved_symbols_ignore_in_object_files__Wl___entry_0 succeeded with the following output:
Change Dir: /Users/joaovitor/Documents/vscode-study/nordic/nRF_connect_sdk_intermediate/lesson_8/8.3/build/CMakeFiles/CMakeTmp

Run Build Command(s):/opt/nordic/ncs/toolchains/580e4ef81c/bin/ninja cmTC_ae1d8 && [1/2] Building C object CMakeFiles/cmTC_ae1d8.dir/src.c.obj
[2/2] Linking C executable cmTC_ae1d8


Source file was:
int main(void) { return 0; }
Determining if files stdatomic.h exist passed with the following output:
Change Dir: /Users/joaovitor/Documents/vscode-study/nordic/nRF_connect_sdk_intermediate/lesson_8/8.3/build/CMakeFiles/CMakeTmp

Run Build Command(s):/opt/nordic/ncs/toolchains/580e4ef81c/bin/ninja cmTC_76ec7 && [1/2] Building C object CMakeFiles/cmTC_76ec7.dir/HAVE_STDATOMIC_H.c.obj
[2/2] Linking C executable cmTC_76ec7
arm-zephyr-eabi-gcc: warning: CMakeFiles/cmTC_76ec7.dir/HAVE_STDATOMIC_H.c.obj: linker input file unused because linking not done



Determining if files fcntl.h exist passed with the following output:
Change Dir: /Users/joaovitor/Documents/vscode-study/nordic/nRF_connect_sdk_intermediate/lesson_8/8.3/build/CMakeFiles/CMakeTmp

Run Build Command(s):/opt/nordic/ncs/toolchains/580e4ef81c/bin/ninja cmTC_2905f && [1/2] Building C object CMakeFiles/cmTC_2905f.dir/HAVE_FCNTL_H.c.obj
[2/2] Linking C executable cmTC_2905f
arm-zephyr-eabi-gcc: warning: CMakeFiles/cmTC_2905f.dir/HAVE_FCNTL_H.c.obj: linker input file unused because linking not done



